# JRE version: OpenJDK Runtime Environment (8.0_152-b01) (build 1.8.0_152-release-915-b01)
# Java VM: OpenJDK 64-Bit Server VM (25.152-b01 mixed mode windows-amd64 compressed oops)
Heap:
 PSYoungGen      total 316416K, used 252868K [0x00000000e0000000, 0x00000000f7e80000, 0x0000000100000000)
  eden space 303616K, 79% used [0x00000000e0000000,0x00000000eea792e8,0x00000000f2880000)
  from space 12800K, 99% used [0x00000000f7200000,0x00000000f7e78110,0x00000000f7e80000)
  to   space 27136K, 0% used [0x00000000f4980000,0x00000000f4980000,0x00000000f6400000)
 ParOldGen       total 231424K, used 52401K [0x00000000a0000000, 0x00000000ae200000, 0x00000000e0000000)
  object space 231424K, 22% used [0x00000000a0000000,0x00000000a332c7e8,0x00000000ae200000)
 Metaspace       used 67167K, capacity 70638K, committed 70784K, reserved 1110016K
  class space    used 8929K, capacity 9801K, committed 9856K, reserved 1048576K
GC Heap History (10 events):
Event: 10.214 GC heap before
{Heap before GC invocations=9 (full 2):
 PSYoungGen      total 184320K, used 171008K [0x00000000e0000000, 0x00000000ed800000, 0x0000000100000000)
  eden space 171008K, 100% used [0x00000000e0000000,0x00000000ea700000,0x00000000ea700000)
  from space 13312K, 0% used [0x00000000eb400000,0x00000000eb400000,0x00000000ec100000)
  to   space 13312K, 0% used [0x00000000ea700000,0x00000000ea700000,0x00000000eb400000)
 ParOldGen       total 144896K, used 16185K [0x00000000a0000000, 0x00000000a8d80000, 0x00000000e0000000)
  object space 144896K, 11% used [0x00000000a0000000,0x00000000a0fce778,0x00000000a8d80000)
 Metaspace       used 46800K, capacity 47924K, committed 48256K, reserved 1091584K
  class space    used 6288K, capacity 6674K, committed 6784K, reserved 1048576K
Event: 10.228 GC heap after
Heap after GC invocations=9 (full 2):
 PSYoungGen      total 184320K, used 13283K [0x00000000e0000000, 0x00000000f1a80000, 0x0000000100000000)
  eden space 171008K, 0% used [0x00000000e0000000,0x00000000e0000000,0x00000000ea700000)
  from space 13312K, 99% used [0x00000000ea700000,0x00000000eb3f8cd0,0x00000000eb400000)
  to   space 16384K, 0% used [0x00000000f0a80000,0x00000000f0a80000,0x00000000f1a80000)
 ParOldGen       total 144896K, used 19321K [0x00000000a0000000, 0x00000000a8d80000, 0x00000000e0000000)
  object space 144896K, 13% used [0x00000000a0000000,0x00000000a12de750,0x00000000a8d80000)
 Metaspace       used 46800K, capacity 47924K, committed 48256K, reserved 1091584K
  class space    used 6288K, capacity 6674K, committed 6784K, reserved 1048576K
}
Event: 12.629 GC heap before
{Heap before GC invocations=10 (full 2):
 PSYoungGen      total 184320K, used 184291K [0x00000000e0000000, 0x00000000f1a80000, 0x0000000100000000)
  eden space 171008K, 100% used [0x00000000e0000000,0x00000000ea700000,0x00000000ea700000)
  from space 13312K, 99% used [0x00000000ea700000,0x00000000eb3f8cd0,0x00000000eb400000)
  to   space 16384K, 0% used [0x00000000f0a80000,0x00000000f0a80000,0x00000000f1a80000)
 ParOldGen       total 144896K, used 19321K [0x00000000a0000000, 0x00000000a8d80000, 0x00000000e0000000)
  object space 144896K, 13% used [0x00000000a0000000,0x00000000a12de750,0x00000000a8d80000)
 Metaspace       used 54144K, capacity 56270K, committed 56448K, reserved 1097728K
  class space    used 7430K, capacity 7966K, committed 8064K, reserved 1048576K
Event: 12.676 GC heap after
Heap after GC invocations=10 (full 2):
 PSYoungGen      total 265728K, used 16382K [0x00000000e0000000, 0x00000000f2f80000, 0x0000000100000000)
  eden space 249344K, 0% used [0x00000000e0000000,0x00000000e0000000,0x00000000ef380000)
  from space 16384K, 99% used [0x00000000f0a80000,0x00000000f1a7fbb8,0x00000000f1a80000)
  to   space 23552K, 0% used [0x00000000ef380000,0x00000000ef380000,0x00000000f0a80000)
 ParOldGen       total 144896K, used 30661K [0x00000000a0000000, 0x00000000a8d80000, 0x00000000e0000000)
  object space 144896K, 21% used [0x00000000a0000000,0x00000000a1df15c8,0x00000000a8d80000)
 Metaspace       used 54144K, capacity 56270K, committed 56448K, reserved 1097728K
  class space    used 7430K, capacity 7966K, committed 8064K, reserved 1048576K
}
Event: 14.391 GC heap before
{Heap before GC invocations=11 (full 2):
 PSYoungGen      total 265728K, used 102447K [0x00000000e0000000, 0x00000000f2f80000, 0x0000000100000000)
  eden space 249344K, 34% used [0x00000000e0000000,0x00000000e540c308,0x00000000ef380000)
  from space 16384K, 99% used [0x00000000f0a80000,0x00000000f1a7fbb8,0x00000000f1a80000)
  to   space 23552K, 0% used [0x00000000ef380000,0x00000000ef380000,0x00000000f0a80000)
 ParOldGen       total 144896K, used 30661K [0x00000000a0000000, 0x00000000a8d80000, 0x00000000e0000000)
  object space 144896K, 21% used [0x00000000a0000000,0x00000000a1df15c8,0x00000000a8d80000)
 Metaspace       used 56836K, capacity 58968K, committed 59028K, reserved 1099776K
  class space    used 7826K, capacity 8415K, committed 8448K, reserved 1048576K
Event: 14.483 GC heap after
Heap after GC invocations=11 (full 2):
 PSYoungGen      total 272896K, used 23550K [0x00000000e0000000, 0x00000000f8e00000, 0x0000000100000000)
  eden space 249344K, 0% used [0x00000000e0000000,0x00000000e0000000,0x00000000ef380000)
  from space 23552K, 99% used [0x00000000ef380000,0x00000000f0a7f930,0x00000000f0a80000)
  to   space 28672K, 0% used [0x00000000f7200000,0x00000000f7200000,0x00000000f8e00000)
 ParOldGen       total 144896K, used 34550K [0x00000000a0000000, 0x00000000a8d80000, 0x00000000e0000000)
  object space 144896K, 23% used [0x00000000a0000000,0x00000000a21bdb28,0x00000000a8d80000)
 Metaspace       used 56836K, capacity 58968K, committed 59028K, reserved 1099776K
  class space    used 7826K, capacity 8415K, committed 8448K, reserved 1048576K
}
Event: 14.483 GC heap before
{Heap before GC invocations=12 (full 3):
 PSYoungGen      total 272896K, used 23550K [0x00000000e0000000, 0x00000000f8e00000, 0x0000000100000000)
  eden space 249344K, 0% used [0x00000000e0000000,0x00000000e0000000,0x00000000ef380000)
  from space 23552K, 99% used [0x00000000ef380000,0x00000000f0a7f930,0x00000000f0a80000)
  to   space 28672K, 0% used [0x00000000f7200000,0x00000000f7200000,0x00000000f8e00000)
 ParOldGen       total 144896K, used 34550K [0x00000000a0000000, 0x00000000a8d80000, 0x00000000e0000000)
  object space 144896K, 23% used [0x00000000a0000000,0x00000000a21bdb28,0x00000000a8d80000)
 Metaspace       used 56836K, capacity 58968K, committed 59028K, reserved 1099776K
  class space    used 7826K, capacity 8415K, committed 8448K, reserved 1048576K
Event: 14.939 GC heap after
Heap after GC invocations=12 (full 3):
 PSYoungGen      total 272896K, used 0K [0x00000000e0000000, 0x00000000f8e00000, 0x0000000100000000)
  eden space 249344K, 0% used [0x00000000e0000000,0x00000000e0000000,0x00000000ef380000)
  from space 23552K, 0% used [0x00000000ef380000,0x00000000ef380000,0x00000000f0a80000)
  to   space 28672K, 0% used [0x00000000f7200000,0x00000000f7200000,0x00000000f8e00000)
 ParOldGen       total 231424K, used 52393K [0x00000000a0000000, 0x00000000ae200000, 0x00000000e0000000)
  object space 231424K, 22% used [0x00000000a0000000,0x00000000a332a7e8,0x00000000ae200000)
 Metaspace       used 56836K, capacity 58968K, committed 59028K, reserved 1099776K
  class space    used 7826K, capacity 8415K, committed 8448K, reserved 1048576K
}
Event: 485.671 GC heap before
{Heap before GC invocations=13 (full 3):
 PSYoungGen      total 272896K, used 249344K [0x00000000e0000000, 0x00000000f8e00000, 0x0000000100000000)
  eden space 249344K, 100% used [0x00000000e0000000,0x00000000ef380000,0x00000000ef380000)
  from space 23552K, 0% used [0x00000000ef380000,0x00000000ef380000,0x00000000f0a80000)
  to   space 28672K, 0% used [0x00000000f7200000,0x00000000f7200000,0x00000000f8e00000)
 ParOldGen       total 231424K, used 52393K [0x00000000a0000000, 0x00000000ae200000, 0x00000000e0000000)
  object space 231424K, 22% used [0x00000000a0000000,0x00000000a332a7e8,0x00000000ae200000)
 Metaspace       used 64668K, capacity 67748K, committed 67840K, reserved 1107968K
  class space    used 8631K, capacity 9404K, committed 9472K, reserved 1048576K
Event: 485.708 GC heap after
Heap after GC invocations=13 (full 3):
 PSYoungGen      total 316416K, used 12768K [0x00000000e0000000, 0x00000000f7e80000, 0x0000000100000000)
  eden space 303616K, 0% used [0x00000000e0000000,0x00000000e0000000,0x00000000f2880000)
  from space 12800K, 99% used [0x00000000f7200000,0x00000000f7e78110,0x00000000f7e80000)
  to   space 27136K, 0% used [0x00000000f4980000,0x00000000f4980000,0x00000000f6400000)
 ParOldGen       total 231424K, used 52401K [0x00000000a0000000, 0x00000000ae200000, 0x00000000e0000000)
  object space 231424K, 22% used [0x00000000a0000000,0x00000000a332c7e8,0x00000000ae200000)
 Metaspace       used 64668K, capacity 67748K, committed 67840K, reserved 1107968K
  class space    used 8631K, capacity 9404K, committed 9472K, reserved 1048576K
}

