# JRE version: OpenJDK Runtime Environment (8.0_152-b01) (build 1.8.0_152-release-915-b01)
# Java VM: OpenJDK 64-Bit Server VM (25.152-b01 mixed mode windows-amd64 compressed oops)
Heap:
 PSYoungGen      total 182272K, used 59553K [0x00000000e0000000, 0x00000000f3a00000, 0x0000000100000000)
  eden space 168960K, 27% used [0x00000000e0000000,0x00000000e2d2af10,0x00000000ea500000)
  from space 13312K, 99% used [0x00000000ebc80000,0x00000000ec97d698,0x00000000ec980000)
  to   space 24064K, 0% used [0x00000000ea500000,0x00000000ea500000,0x00000000ebc80000)
 ParOldGen       total 138752K, used 35533K [0x00000000a0000000, 0x00000000a8780000, 0x00000000e0000000)
  object space 138752K, 25% used [0x00000000a0000000,0x00000000a22b3468,0x00000000a8780000)
 Metaspace       used 54835K, capacity 56524K, committed 56664K, reserved 1097728K
  class space    used 7336K, capacity 7751K, committed 7808K, reserved 1048576K
GC Heap History (10 events):
Event: 7.928 GC heap before
{Heap before GC invocations=6 (full 1):
 PSYoungGen      total 117248K, used 116771K [0x00000000e0000000, 0x00000000e9100000, 0x0000000100000000)
  eden space 109568K, 100% used [0x00000000e0000000,0x00000000e6b00000,0x00000000e6b00000)
  from space 7680K, 93% used [0x00000000e8980000,0x00000000e9088fc0,0x00000000e9100000)
  to   space 10752K, 0% used [0x00000000e7c00000,0x00000000e7c00000,0x00000000e8680000)
 ParOldGen       total 94208K, used 6622K [0x00000000a0000000, 0x00000000a5c00000, 0x00000000e0000000)
  object space 94208K, 7% used [0x00000000a0000000,0x00000000a0677a78,0x00000000a5c00000)
 Metaspace       used 31249K, capacity 31906K, committed 32128K, reserved 1077248K
  class space    used 4257K, capacity 4468K, committed 4480K, reserved 1048576K
Event: 7.943 GC heap after
Heap after GC invocations=6 (full 1):
 PSYoungGen      total 137728K, used 10293K [0x00000000e0000000, 0x00000000ec980000, 0x0000000100000000)
  eden space 126976K, 0% used [0x00000000e0000000,0x00000000e0000000,0x00000000e7c00000)
  from space 10752K, 95% used [0x00000000e7c00000,0x00000000e860d7f8,0x00000000e8680000)
  to   space 13312K, 0% used [0x00000000ebc80000,0x00000000ebc80000,0x00000000ec980000)
 ParOldGen       total 94208K, used 6694K [0x00000000a0000000, 0x00000000a5c00000, 0x00000000e0000000)
  object space 94208K, 7% used [0x00000000a0000000,0x00000000a0689a88,0x00000000a5c00000)
 Metaspace       used 31249K, capacity 31906K, committed 32128K, reserved 1077248K
  class space    used 4257K, capacity 4468K, committed 4480K, reserved 1048576K
}
Event: 8.617 GC heap before
{Heap before GC invocations=7 (full 1):
 PSYoungGen      total 137728K, used 27023K [0x00000000e0000000, 0x00000000ec980000, 0x0000000100000000)
  eden space 126976K, 13% used [0x00000000e0000000,0x00000000e1056648,0x00000000e7c00000)
  from space 10752K, 95% used [0x00000000e7c00000,0x00000000e860d7f8,0x00000000e8680000)
  to   space 13312K, 0% used [0x00000000ebc80000,0x00000000ebc80000,0x00000000ec980000)
 ParOldGen       total 94208K, used 6694K [0x00000000a0000000, 0x00000000a5c00000, 0x00000000e0000000)
  object space 94208K, 7% used [0x00000000a0000000,0x00000000a0689a88,0x00000000a5c00000)
 Metaspace       used 34545K, capacity 35194K, committed 35416K, reserved 1079296K
  class space    used 4686K, capacity 4931K, committed 4992K, reserved 1048576K
Event: 8.625 GC heap after
Heap after GC invocations=7 (full 1):
 PSYoungGen      total 193536K, used 8923K [0x00000000e0000000, 0x00000000ee280000, 0x0000000100000000)
  eden space 180224K, 0% used [0x00000000e0000000,0x00000000e0000000,0x00000000eb000000)
  from space 13312K, 67% used [0x00000000ebc80000,0x00000000ec536f88,0x00000000ec980000)
  to   space 12800K, 0% used [0x00000000eb000000,0x00000000eb000000,0x00000000ebc80000)
 ParOldGen       total 94208K, used 6702K [0x00000000a0000000, 0x00000000a5c00000, 0x00000000e0000000)
  object space 94208K, 7% used [0x00000000a0000000,0x00000000a068ba88,0x00000000a5c00000)
 Metaspace       used 34545K, capacity 35194K, committed 35416K, reserved 1079296K
  class space    used 4686K, capacity 4931K, committed 4992K, reserved 1048576K
}
Event: 8.625 GC heap before
{Heap before GC invocations=8 (full 2):
 PSYoungGen      total 193536K, used 8923K [0x00000000e0000000, 0x00000000ee280000, 0x0000000100000000)
  eden space 180224K, 0% used [0x00000000e0000000,0x00000000e0000000,0x00000000eb000000)
  from space 13312K, 67% used [0x00000000ebc80000,0x00000000ec536f88,0x00000000ec980000)
  to   space 12800K, 0% used [0x00000000eb000000,0x00000000eb000000,0x00000000ebc80000)
 ParOldGen       total 94208K, used 6702K [0x00000000a0000000, 0x00000000a5c00000, 0x00000000e0000000)
  object space 94208K, 7% used [0x00000000a0000000,0x00000000a068ba88,0x00000000a5c00000)
 Metaspace       used 34545K, capacity 35194K, committed 35416K, reserved 1079296K
  class space    used 4686K, capacity 4931K, committed 4992K, reserved 1048576K
Event: 8.680 GC heap after
Heap after GC invocations=8 (full 2):
 PSYoungGen      total 193536K, used 0K [0x00000000e0000000, 0x00000000ee280000, 0x0000000100000000)
  eden space 180224K, 0% used [0x00000000e0000000,0x00000000e0000000,0x00000000eb000000)
  from space 13312K, 0% used [0x00000000ebc80000,0x00000000ebc80000,0x00000000ec980000)
  to   space 12800K, 0% used [0x00000000eb000000,0x00000000eb000000,0x00000000ebc80000)
 ParOldGen       total 138752K, used 14926K [0x00000000a0000000, 0x00000000a8780000, 0x00000000e0000000)
  object space 138752K, 10% used [0x00000000a0000000,0x00000000a0e93a18,0x00000000a8780000)
 Metaspace       used 34545K, capacity 35194K, committed 35416K, reserved 1079296K
  class space    used 4686K, capacity 4931K, committed 4992K, reserved 1048576K
}
Event: 12.425 GC heap before
{Heap before GC invocations=9 (full 2):
 PSYoungGen      total 193536K, used 180224K [0x00000000e0000000, 0x00000000ee280000, 0x0000000100000000)
  eden space 180224K, 100% used [0x00000000e0000000,0x00000000eb000000,0x00000000eb000000)
  from space 13312K, 0% used [0x00000000ebc80000,0x00000000ebc80000,0x00000000ec980000)
  to   space 12800K, 0% used [0x00000000eb000000,0x00000000eb000000,0x00000000ebc80000)
 ParOldGen       total 138752K, used 14926K [0x00000000a0000000, 0x00000000a8780000, 0x00000000e0000000)
  object space 138752K, 10% used [0x00000000a0000000,0x00000000a0e93a18,0x00000000a8780000)
 Metaspace       used 46303K, capacity 47338K, committed 47448K, reserved 1089536K
  class space    used 6169K, capacity 6514K, committed 6528K, reserved 1048576K
Event: 12.461 GC heap after
Heap after GC invocations=9 (full 2):
 PSYoungGen      total 193024K, used 12796K [0x00000000e0000000, 0x00000000ee280000, 0x0000000100000000)
  eden space 180224K, 0% used [0x00000000e0000000,0x00000000e0000000,0x00000000eb000000)
  from space 12800K, 99% used [0x00000000eb000000,0x00000000ebc7f210,0x00000000ebc80000)
  to   space 13312K, 0% used [0x00000000ebc80000,0x00000000ebc80000,0x00000000ec980000)
 ParOldGen       total 138752K, used 18881K [0x00000000a0000000, 0x00000000a8780000, 0x00000000e0000000)
  object space 138752K, 13% used [0x00000000a0000000,0x00000000a1270540,0x00000000a8780000)
 Metaspace       used 46303K, capacity 47338K, committed 47448K, reserved 1089536K
  class space    used 6169K, capacity 6514K, committed 6528K, reserved 1048576K
}
Event: 20.733 GC heap before
{Heap before GC invocations=10 (full 2):
 PSYoungGen      total 193024K, used 193020K [0x00000000e0000000, 0x00000000ee280000, 0x0000000100000000)
  eden space 180224K, 100% used [0x00000000e0000000,0x00000000eb000000,0x00000000eb000000)
  from space 12800K, 99% used [0x00000000eb000000,0x00000000ebc7f210,0x00000000ebc80000)
  to   space 13312K, 0% used [0x00000000ebc80000,0x00000000ebc80000,0x00000000ec980000)
 ParOldGen       total 138752K, used 18881K [0x00000000a0000000, 0x00000000a8780000, 0x00000000e0000000)
  object space 138752K, 13% used [0x00000000a0000000,0x00000000a1270540,0x00000000a8780000)
 Metaspace       used 54387K, capacity 56106K, committed 56408K, reserved 1097728K
  class space    used 7310K, capacity 7746K, committed 7808K, reserved 1048576K
Event: 20.772 GC heap after
Heap after GC invocations=10 (full 2):
 PSYoungGen      total 182272K, used 13301K [0x00000000e0000000, 0x00000000f3a00000, 0x0000000100000000)
  eden space 168960K, 0% used [0x00000000e0000000,0x00000000e0000000,0x00000000ea500000)
  from space 13312K, 99% used [0x00000000ebc80000,0x00000000ec97d698,0x00000000ec980000)
  to   space 24064K, 0% used [0x00000000ea500000,0x00000000ea500000,0x00000000ebc80000)
 ParOldGen       total 138752K, used 35533K [0x00000000a0000000, 0x00000000a8780000, 0x00000000e0000000)
  object space 138752K, 25% used [0x00000000a0000000,0x00000000a22b3468,0x00000000a8780000)
 Metaspace       used 54387K, capacity 56106K, committed 56408K, reserved 1097728K
  class space    used 7310K, capacity 7746K, committed 7808K, reserved 1048576K
}

