# JRE version: OpenJDK Runtime Environment (8.0_152-b01) (build 1.8.0_152-release-915-b01)
# Java VM: OpenJDK 64-Bit Server VM (25.152-b01 mixed mode windows-amd64 compressed oops)
Heap:
 PSYoungGen      total 270848K, used 42848K [0x00000000e0000000, 0x00000000f9380000, 0x0000000100000000)
  eden space 260096K, 16% used [0x00000000e0000000,0x00000000e29d8210,0x00000000efe00000)
  from space 10752K, 0% used [0x00000000efe00000,0x00000000efe00000,0x00000000f0880000)
  to   space 13824K, 0% used [0x00000000f8600000,0x00000000f8600000,0x00000000f9380000)
 ParOldGen       total 88064K, used 15837K [0x00000000a0000000, 0x00000000a5600000, 0x00000000e0000000)
  object space 88064K, 17% used [0x00000000a0000000,0x00000000a0f77550,0x00000000a5600000)
 Metaspace       used 37522K, capacity 38248K, committed 38616K, reserved 1083392K
  class space    used 5049K, capacity 5332K, committed 5376K, reserved 1048576K
GC Heap History (10 events):
Event: 3.193 GC heap before
{Heap before GC invocations=3 (full 0):
 PSYoungGen      total 140800K, used 16240K [0x00000000e0000000, 0x00000000e9400000, 0x0000000100000000)
  eden space 130048K, 4% used [0x00000000e0000000,0x00000000e0562800,0x00000000e7f00000)
  from space 10752K, 99% used [0x00000000e8980000,0x00000000e93f9ba0,0x00000000e9400000)
  to   space 10752K, 0% used [0x00000000e7f00000,0x00000000e7f00000,0x00000000e8980000)
 ParOldGen       total 173568K, used 1149K [0x00000000a0000000, 0x00000000aa980000, 0x00000000e0000000)
  object space 173568K, 0% used [0x00000000a0000000,0x00000000a011f7d8,0x00000000aa980000)
 Metaspace       used 20641K, capacity 21130K, committed 21248K, reserved 1067008K
  class space    used 2860K, capacity 3038K, committed 3072K, reserved 1048576K
Event: 3.201 GC heap after
Heap after GC invocations=3 (full 0):
 PSYoungGen      total 140800K, used 6698K [0x00000000e0000000, 0x00000000f1300000, 0x0000000100000000)
  eden space 130048K, 0% used [0x00000000e0000000,0x00000000e0000000,0x00000000e7f00000)
  from space 10752K, 62% used [0x00000000e7f00000,0x00000000e858aad0,0x00000000e8980000)
  to   space 10752K, 0% used [0x00000000f0880000,0x00000000f0880000,0x00000000f1300000)
 ParOldGen       total 173568K, used 1157K [0x00000000a0000000, 0x00000000aa980000, 0x00000000e0000000)
  object space 173568K, 0% used [0x00000000a0000000,0x00000000a01217d8,0x00000000aa980000)
 Metaspace       used 20641K, capacity 21130K, committed 21248K, reserved 1067008K
  class space    used 2860K, capacity 3038K, committed 3072K, reserved 1048576K
}
Event: 3.201 GC heap before
{Heap before GC invocations=4 (full 1):
 PSYoungGen      total 140800K, used 6698K [0x00000000e0000000, 0x00000000f1300000, 0x0000000100000000)
  eden space 130048K, 0% used [0x00000000e0000000,0x00000000e0000000,0x00000000e7f00000)
  from space 10752K, 62% used [0x00000000e7f00000,0x00000000e858aad0,0x00000000e8980000)
  to   space 10752K, 0% used [0x00000000f0880000,0x00000000f0880000,0x00000000f1300000)
 ParOldGen       total 173568K, used 1157K [0x00000000a0000000, 0x00000000aa980000, 0x00000000e0000000)
  object space 173568K, 0% used [0x00000000a0000000,0x00000000a01217d8,0x00000000aa980000)
 Metaspace       used 20641K, capacity 21130K, committed 21248K, reserved 1067008K
  class space    used 2860K, capacity 3038K, committed 3072K, reserved 1048576K
Event: 3.231 GC heap after
Heap after GC invocations=4 (full 1):
 PSYoungGen      total 140800K, used 0K [0x00000000e0000000, 0x00000000f1300000, 0x0000000100000000)
  eden space 130048K, 0% used [0x00000000e0000000,0x00000000e0000000,0x00000000e7f00000)
  from space 10752K, 0% used [0x00000000e7f00000,0x00000000e7f00000,0x00000000e8980000)
  to   space 10752K, 0% used [0x00000000f0880000,0x00000000f0880000,0x00000000f1300000)
 ParOldGen       total 88064K, used 6501K [0x00000000a0000000, 0x00000000a5600000, 0x00000000e0000000)
  object space 88064K, 7% used [0x00000000a0000000,0x00000000a0659620,0x00000000a5600000)
 Metaspace       used 20641K, capacity 21130K, committed 21248K, reserved 1067008K
  class space    used 2860K, capacity 3038K, committed 3072K, reserved 1048576K
}
Event: 5.540 GC heap before
{Heap before GC invocations=5 (full 1):
 PSYoungGen      total 140800K, used 130048K [0x00000000e0000000, 0x00000000f1300000, 0x0000000100000000)
  eden space 130048K, 100% used [0x00000000e0000000,0x00000000e7f00000,0x00000000e7f00000)
  from space 10752K, 0% used [0x00000000e7f00000,0x00000000e7f00000,0x00000000e8980000)
  to   space 10752K, 0% used [0x00000000f0880000,0x00000000f0880000,0x00000000f1300000)
 ParOldGen       total 88064K, used 6501K [0x00000000a0000000, 0x00000000a5600000, 0x00000000e0000000)
  object space 88064K, 7% used [0x00000000a0000000,0x00000000a0659620,0x00000000a5600000)
 Metaspace       used 30072K, capacity 30636K, committed 30976K, reserved 1075200K
  class space    used 4106K, capacity 4319K, committed 4352K, reserved 1048576K
Event: 5.560 GC heap after
Heap after GC invocations=5 (full 1):
 PSYoungGen      total 236544K, used 10721K [0x00000000e0000000, 0x00000000f1300000, 0x0000000100000000)
  eden space 225792K, 0% used [0x00000000e0000000,0x00000000e0000000,0x00000000edc80000)
  from space 10752K, 99% used [0x00000000f0880000,0x00000000f12f85f0,0x00000000f1300000)
  to   space 10752K, 0% used [0x00000000efe00000,0x00000000efe00000,0x00000000f0880000)
 ParOldGen       total 88064K, used 7662K [0x00000000a0000000, 0x00000000a5600000, 0x00000000e0000000)
  object space 88064K, 8% used [0x00000000a0000000,0x00000000a077b840,0x00000000a5600000)
 Metaspace       used 30072K, capacity 30636K, committed 30976K, reserved 1075200K
  class space    used 4106K, capacity 4319K, committed 4352K, reserved 1048576K
}
Event: 6.762 GC heap before
{Heap before GC invocations=6 (full 1):
 PSYoungGen      total 236544K, used 77487K [0x00000000e0000000, 0x00000000f1300000, 0x0000000100000000)
  eden space 225792K, 29% used [0x00000000e0000000,0x00000000e4133750,0x00000000edc80000)
  from space 10752K, 99% used [0x00000000f0880000,0x00000000f12f85f0,0x00000000f1300000)
  to   space 10752K, 0% used [0x00000000efe00000,0x00000000efe00000,0x00000000f0880000)
 ParOldGen       total 88064K, used 7662K [0x00000000a0000000, 0x00000000a5600000, 0x00000000e0000000)
  object space 88064K, 8% used [0x00000000a0000000,0x00000000a077b840,0x00000000a5600000)
 Metaspace       used 34544K, capacity 35226K, committed 35416K, reserved 1079296K
  class space    used 4691K, capacity 4963K, committed 4992K, reserved 1048576K
Event: 6.777 GC heap after
Heap after GC invocations=6 (full 1):
 PSYoungGen      total 270848K, used 9954K [0x00000000e0000000, 0x00000000f9380000, 0x0000000100000000)
  eden space 260096K, 0% used [0x00000000e0000000,0x00000000e0000000,0x00000000efe00000)
  from space 10752K, 92% used [0x00000000efe00000,0x00000000f07b8a10,0x00000000f0880000)
  to   space 13824K, 0% used [0x00000000f8600000,0x00000000f8600000,0x00000000f9380000)
 ParOldGen       total 88064K, used 7734K [0x00000000a0000000, 0x00000000a5600000, 0x00000000e0000000)
  object space 88064K, 8% used [0x00000000a0000000,0x00000000a078d850,0x00000000a5600000)
 Metaspace       used 34544K, capacity 35226K, committed 35416K, reserved 1079296K
  class space    used 4691K, capacity 4963K, committed 4992K, reserved 1048576K
}
Event: 6.777 GC heap before
{Heap before GC invocations=7 (full 2):
 PSYoungGen      total 270848K, used 9954K [0x00000000e0000000, 0x00000000f9380000, 0x0000000100000000)
  eden space 260096K, 0% used [0x00000000e0000000,0x00000000e0000000,0x00000000efe00000)
  from space 10752K, 92% used [0x00000000efe00000,0x00000000f07b8a10,0x00000000f0880000)
  to   space 13824K, 0% used [0x00000000f8600000,0x00000000f8600000,0x00000000f9380000)
 ParOldGen       total 88064K, used 7734K [0x00000000a0000000, 0x00000000a5600000, 0x00000000e0000000)
  object space 88064K, 8% used [0x00000000a0000000,0x00000000a078d850,0x00000000a5600000)
 Metaspace       used 34544K, capacity 35226K, committed 35416K, reserved 1079296K
  class space    used 4691K, capacity 4963K, committed 4992K, reserved 1048576K
Event: 6.828 GC heap after
Heap after GC invocations=7 (full 2):
 PSYoungGen      total 270848K, used 0K [0x00000000e0000000, 0x00000000f9380000, 0x0000000100000000)
  eden space 260096K, 0% used [0x00000000e0000000,0x00000000e0000000,0x00000000efe00000)
  from space 10752K, 0% used [0x00000000efe00000,0x00000000efe00000,0x00000000f0880000)
  to   space 13824K, 0% used [0x00000000f8600000,0x00000000f8600000,0x00000000f9380000)
 ParOldGen       total 88064K, used 15837K [0x00000000a0000000, 0x00000000a5600000, 0x00000000e0000000)
  object space 88064K, 17% used [0x00000000a0000000,0x00000000a0f77550,0x00000000a5600000)
 Metaspace       used 34544K, capacity 35226K, committed 35416K, reserved 1079296K
  class space    used 4691K, capacity 4963K, committed 4992K, reserved 1048576K
}

