# JRE version: OpenJDK Runtime Environment (8.0_152-b01) (build 1.8.0_152-release-915-b01)
# Java VM: OpenJDK 64-Bit Server VM (25.152-b01 mixed mode windows-amd64 compressed oops)
Heap:
 PSYoungGen      total 189440K, used 48941K [0x00000000e0000000, 0x00000000f2c00000, 0x0000000100000000)
  eden space 177152K, 20% used [0x00000000e0000000,0x00000000e23d2050,0x00000000ead00000)
  from space 12288K, 99% used [0x00000000ead00000,0x00000000eb8f9560,0x00000000eb900000)
  to   space 15872K, 0% used [0x00000000f1c80000,0x00000000f1c80000,0x00000000f2c00000)
 ParOldGen       total 138752K, used 18955K [0x00000000a0000000, 0x00000000a8780000, 0x00000000e0000000)
  object space 138752K, 13% used [0x00000000a0000000,0x00000000a1282ea0,0x00000000a8780000)
 Metaspace       used 48590K, capacity 49784K, committed 50136K, reserved 1093632K
  class space    used 6493K, capacity 6815K, committed 6912K, reserved 1048576K
GC Heap History (10 events):
Event: 6.384 GC heap before
{Heap before GC invocations=5 (full 1):
 PSYoungGen      total 75776K, used 65024K [0x00000000e0000000, 0x00000000e9400000, 0x0000000100000000)
  eden space 65024K, 100% used [0x00000000e0000000,0x00000000e3f80000,0x00000000e3f80000)
  from space 10752K, 0% used [0x00000000e3f80000,0x00000000e3f80000,0x00000000e4a00000)
  to   space 10752K, 0% used [0x00000000e8980000,0x00000000e8980000,0x00000000e9400000)
 ParOldGen       total 96256K, used 6986K [0x00000000a0000000, 0x00000000a5e00000, 0x00000000e0000000)
  object space 96256K, 7% used [0x00000000a0000000,0x00000000a06d29c8,0x00000000a5e00000)
 Metaspace       used 25899K, capacity 26368K, committed 26624K, reserved 1073152K
  class space    used 3543K, capacity 3721K, committed 3840K, reserved 1048576K
Event: 6.424 GC heap after
Heap after GC invocations=5 (full 1):
 PSYoungGen      total 115712K, used 7037K [0x00000000e0000000, 0x00000000e9080000, 0x0000000100000000)
  eden space 108544K, 0% used [0x00000000e0000000,0x00000000e0000000,0x00000000e6a00000)
  from space 7168K, 98% used [0x00000000e8980000,0x00000000e905f6e0,0x00000000e9080000)
  to   space 10752K, 0% used [0x00000000e7b80000,0x00000000e7b80000,0x00000000e8600000)
 ParOldGen       total 96256K, used 6986K [0x00000000a0000000, 0x00000000a5e00000, 0x00000000e0000000)
  object space 96256K, 7% used [0x00000000a0000000,0x00000000a06d29c8,0x00000000a5e00000)
 Metaspace       used 25899K, capacity 26368K, committed 26624K, reserved 1073152K
  class space    used 3543K, capacity 3721K, committed 3840K, reserved 1048576K
}
Event: 9.092 GC heap before
{Heap before GC invocations=6 (full 1):
 PSYoungGen      total 115712K, used 115581K [0x00000000e0000000, 0x00000000e9080000, 0x0000000100000000)
  eden space 108544K, 100% used [0x00000000e0000000,0x00000000e6a00000,0x00000000e6a00000)
  from space 7168K, 98% used [0x00000000e8980000,0x00000000e905f6e0,0x00000000e9080000)
  to   space 10752K, 0% used [0x00000000e7b80000,0x00000000e7b80000,0x00000000e8600000)
 ParOldGen       total 96256K, used 6986K [0x00000000a0000000, 0x00000000a5e00000, 0x00000000e0000000)
  object space 96256K, 7% used [0x00000000a0000000,0x00000000a06d29c8,0x00000000a5e00000)
 Metaspace       used 31547K, capacity 32060K, committed 32256K, reserved 1077248K
  class space    used 4291K, capacity 4511K, committed 4608K, reserved 1048576K
Event: 9.112 GC heap after
Heap after GC invocations=6 (full 1):
 PSYoungGen      total 137216K, used 9795K [0x00000000e0000000, 0x00000000ec580000, 0x0000000100000000)
  eden space 126464K, 0% used [0x00000000e0000000,0x00000000e0000000,0x00000000e7b80000)
  from space 10752K, 91% used [0x00000000e7b80000,0x00000000e8510e80,0x00000000e8600000)
  to   space 12800K, 0% used [0x00000000eb900000,0x00000000eb900000,0x00000000ec580000)
 ParOldGen       total 96256K, used 7066K [0x00000000a0000000, 0x00000000a5e00000, 0x00000000e0000000)
  object space 96256K, 7% used [0x00000000a0000000,0x00000000a06e69d8,0x00000000a5e00000)
 Metaspace       used 31547K, capacity 32060K, committed 32256K, reserved 1077248K
  class space    used 4291K, capacity 4511K, committed 4608K, reserved 1048576K
}
Event: 9.508 GC heap before
{Heap before GC invocations=7 (full 1):
 PSYoungGen      total 137216K, used 24389K [0x00000000e0000000, 0x00000000ec580000, 0x0000000100000000)
  eden space 126464K, 11% used [0x00000000e0000000,0x00000000e0e408e0,0x00000000e7b80000)
  from space 10752K, 91% used [0x00000000e7b80000,0x00000000e8510e80,0x00000000e8600000)
  to   space 12800K, 0% used [0x00000000eb900000,0x00000000eb900000,0x00000000ec580000)
 ParOldGen       total 96256K, used 7066K [0x00000000a0000000, 0x00000000a5e00000, 0x00000000e0000000)
  object space 96256K, 7% used [0x00000000a0000000,0x00000000a06e69d8,0x00000000a5e00000)
 Metaspace       used 34661K, capacity 35220K, committed 35416K, reserved 1079296K
  class space    used 4697K, capacity 4910K, committed 4992K, reserved 1048576K
Event: 9.522 GC heap after
Heap after GC invocations=7 (full 1):
 PSYoungGen      total 189952K, used 8243K [0x00000000e0000000, 0x00000000ee700000, 0x0000000100000000)
  eden space 177152K, 0% used [0x00000000e0000000,0x00000000e0000000,0x00000000ead00000)
  from space 12800K, 64% used [0x00000000eb900000,0x00000000ec10ccd0,0x00000000ec580000)
  to   space 12288K, 0% used [0x00000000ead00000,0x00000000ead00000,0x00000000eb900000)
 ParOldGen       total 96256K, used 7074K [0x00000000a0000000, 0x00000000a5e00000, 0x00000000e0000000)
  object space 96256K, 7% used [0x00000000a0000000,0x00000000a06e89d8,0x00000000a5e00000)
 Metaspace       used 34661K, capacity 35220K, committed 35416K, reserved 1079296K
  class space    used 4697K, capacity 4910K, committed 4992K, reserved 1048576K
}
Event: 9.522 GC heap before
{Heap before GC invocations=8 (full 2):
 PSYoungGen      total 189952K, used 8243K [0x00000000e0000000, 0x00000000ee700000, 0x0000000100000000)
  eden space 177152K, 0% used [0x00000000e0000000,0x00000000e0000000,0x00000000ead00000)
  from space 12800K, 64% used [0x00000000eb900000,0x00000000ec10ccd0,0x00000000ec580000)
  to   space 12288K, 0% used [0x00000000ead00000,0x00000000ead00000,0x00000000eb900000)
 ParOldGen       total 96256K, used 7074K [0x00000000a0000000, 0x00000000a5e00000, 0x00000000e0000000)
  object space 96256K, 7% used [0x00000000a0000000,0x00000000a06e89d8,0x00000000a5e00000)
 Metaspace       used 34661K, capacity 35220K, committed 35416K, reserved 1079296K
  class space    used 4697K, capacity 4910K, committed 4992K, reserved 1048576K
Event: 9.610 GC heap after
Heap after GC invocations=8 (full 2):
 PSYoungGen      total 189952K, used 0K [0x00000000e0000000, 0x00000000ee700000, 0x0000000100000000)
  eden space 177152K, 0% used [0x00000000e0000000,0x00000000e0000000,0x00000000ead00000)
  from space 12800K, 0% used [0x00000000eb900000,0x00000000eb900000,0x00000000ec580000)
  to   space 12288K, 0% used [0x00000000ead00000,0x00000000ead00000,0x00000000eb900000)
 ParOldGen       total 138752K, used 14681K [0x00000000a0000000, 0x00000000a8780000, 0x00000000e0000000)
  object space 138752K, 10% used [0x00000000a0000000,0x00000000a0e566c8,0x00000000a8780000)
 Metaspace       used 34661K, capacity 35220K, committed 35416K, reserved 1079296K
  class space    used 4697K, capacity 4910K, committed 4992K, reserved 1048576K
}
Event: 13.385 GC heap before
{Heap before GC invocations=9 (full 2):
 PSYoungGen      total 189952K, used 177152K [0x00000000e0000000, 0x00000000ee700000, 0x0000000100000000)
  eden space 177152K, 100% used [0x00000000e0000000,0x00000000ead00000,0x00000000ead00000)
  from space 12800K, 0% used [0x00000000eb900000,0x00000000eb900000,0x00000000ec580000)
  to   space 12288K, 0% used [0x00000000ead00000,0x00000000ead00000,0x00000000eb900000)
 ParOldGen       total 138752K, used 14681K [0x00000000a0000000, 0x00000000a8780000, 0x00000000e0000000)
  object space 138752K, 10% used [0x00000000a0000000,0x00000000a0e566c8,0x00000000a8780000)
 Metaspace       used 46081K, capacity 46948K, committed 47192K, reserved 1089536K
  class space    used 6144K, capacity 6461K, committed 6528K, reserved 1048576K
Event: 13.412 GC heap after
Heap after GC invocations=9 (full 2):
 PSYoungGen      total 189440K, used 12261K [0x00000000e0000000, 0x00000000f2c00000, 0x0000000100000000)
  eden space 177152K, 0% used [0x00000000e0000000,0x00000000e0000000,0x00000000ead00000)
  from space 12288K, 99% used [0x00000000ead00000,0x00000000eb8f9560,0x00000000eb900000)
  to   space 15872K, 0% used [0x00000000f1c80000,0x00000000f1c80000,0x00000000f2c00000)
 ParOldGen       total 138752K, used 18955K [0x00000000a0000000, 0x00000000a8780000, 0x00000000e0000000)
  object space 138752K, 13% used [0x00000000a0000000,0x00000000a1282ea0,0x00000000a8780000)
 Metaspace       used 46081K, capacity 46948K, committed 47192K, reserved 1089536K
  class space    used 6144K, capacity 6461K, committed 6528K, reserved 1048576K
}

